SF:c:\Dev\c#\WaitingRoom\WaitingRoom\Access.cs
FN:12,System.String Access::get_AccessToken()
FNDA:0,System.String Access::get_AccessToken()
DA:13,0
FN:15,System.String Access::get_BackendUri()
FNDA:0,System.String Access::get_BackendUri()
DA:16,0
FN:24,System.Byte[] Access::Sign(System.String)
FNDA:0,System.Byte[] Access::Sign(System.String)
DA:25,0
DA:26,0
DA:27,0
DA:28,0
DA:30,0
FN:32,System.Void Access::Validate(System.String)
FNDA:0,System.Void Access::Validate(System.String)
DA:33,0
DA:34,0
DA:35,0
DA:36,0
DA:37,0
DA:39,0
DA:40,0
DA:41,0
DA:42,0
DA:43,0
DA:46,0
DA:47,0
DA:48,0
DA:49,0
DA:50,0
DA:52,0
DA:53,0
DA:54,0
DA:55,0
DA:58,0
BRDA:35,26,0,0
BRDA:35,26,1,0
BRDA:41,72,0,0
BRDA:41,72,1,0
BRDA:48,114,0,0
BRDA:48,114,1,0
FN:17,System.Void Access::.ctor()
FNDA:0,System.Void Access::.ctor()
DA:18,0
DA:19,0
DA:20,0
DA:21,0
DA:22,0
FN:7,System.Void Access::.cctor()
FNDA:0,System.Void Access::.cctor()
DA:8,0
DA:10,0
LF:34
LH:0
BRF:6
BRH:0
FNF:6
FNH:0
end_of_record
SF:c:\Dev\c#\WaitingRoom\WaitingRoom\Auction.cs
FN:23,System.Void Auction::Open()
FNDA:0,System.Void Auction::Open()
DA:24,0
DA:25,0
DA:26,0
DA:27,0
DA:30,0
DA:32,0
BRDA:25,12,0,0
BRDA:25,12,1,0
FN:39,System.Void Auction::Close()
FNDA:0,System.Void Auction::Close()
DA:40,0
DA:41,0
DA:42,0
DA:43,0
DA:46,0
DA:48,0
BRDA:41,15,0,0
BRDA:41,15,1,0
FN:52,System.Boolean Auction::addToQueue(System.Int64)
FNDA:0,System.Boolean Auction::addToQueue(System.Int64)
DA:53,0
DA:55,0
DA:56,0
DA:58,0
DA:59,0
DA:60,0
DA:62,0
DA:65,0
DA:67,0
DA:68,0
DA:69,0
DA:71,0
DA:72,0
DA:74,0
DA:75,0
DA:77,0
DA:78,0
DA:79,0
DA:82,0
DA:83,0
DA:86,0
DA:87,0
DA:89,0
DA:91,0
DA:92,0
DA:93,0
DA:95,0
DA:96,0
DA:97,0
DA:98,0
DA:101,0
DA:102,0
DA:103,0
DA:105,0
DA:106,0
DA:107,0
DA:109,0
DA:111,0
DA:112,0
BRDA:59,32,0,0
BRDA:59,32,1,0
BRDA:59,61,0,0
BRDA:59,61,1,0
BRDA:68,110,0,0
BRDA:68,110,1,0
BRDA:74,145,0,0
BRDA:74,145,1,0
BRDA:74,176,0,0
BRDA:74,176,1,0
FN:120,System.Boolean Auction::Enter(System.Int64)
FNDA:0,System.Boolean Auction::Enter(System.Int64)
DA:121,0
DA:122,0
DA:123,0
DA:124,0
DA:127,0
DA:129,0
DA:131,0
DA:132,0
DA:133,0
DA:134,0
DA:136,0
DA:137,0
DA:138,0
DA:142,0
DA:143,0
DA:145,0
DA:146,0
DA:147,0
DA:148,0
DA:150,0
DA:152,0
DA:153,0
DA:154,0
DA:156,0
DA:157,0
DA:158,0
DA:160,0
DA:165,0
DA:166,0
DA:168,0
DA:172,0
DA:174,0
BRDA:122,15,0,0
BRDA:122,15,1,0
BRDA:129,43,0,0
BRDA:136,93,0,0
BRDA:136,93,1,0
BRDA:146,138,0,0
BRDA:146,138,1,0
BRDA:165,184,0,0
BRDA:165,184,1,0
BRDA:129,43,1,0
FN:2,System.Void Auction::.ctor(System.Int32)
FNDA:0,System.Void Auction::.ctor(System.Int32)
DA:3,0
DA:4,0
DA:6,0
DA:11,0
DA:12,0
DA:14,0
DA:15,0
DA:16,0
DA:17,0
FN:189,System.Void InvalidStateException::.ctor(System.String)
FNDA:0,System.Void InvalidStateException::.ctor(System.String)
DA:190,0
DA:191,0
DA:192,0
LF:95
LH:0
BRF:24
BRH:0
FNF:6
FNH:0
end_of_record
SF:c:\Dev\c#\WaitingRoom\WaitingRoom\AuctionManager.cs
FN:19,System.Void AuctionManager::Initialize()
FNDA:0,System.Void AuctionManager::Initialize()
DA:20,0
DA:21,0
DA:22,0
DA:23,0
DA:24,0
DA:25,0
DA:26,0
DA:27,0
DA:28,0
DA:29,0
BRDA:23,29,0,0
BRDA:23,29,1,0
FN:36,System.Object AuctionManager::EnterNew()
FNDA:0,System.Object AuctionManager::EnterNew()
DA:37,0
DA:38,0
DA:39,0
DA:40,0
DA:41,0
DA:42,0
DA:43,0
DA:44,0
BRDA:38,11,0,0
BRDA:38,11,1,0
FN:46,System.Object AuctionManager::EnterAt(System.Int64)
FNDA:0,System.Object AuctionManager::EnterAt(System.Int64)
DA:47,0
DA:48,0
DA:49,0
DA:50,0
DA:51,0
DA:52,0
DA:53,0
DA:54,0
DA:55,0
DA:56,0
DA:57,0
DA:60,0
DA:61,0
DA:63,0
BRDA:48,11,0,0
BRDA:48,11,1,0
BRDA:53,41,0,0
BRDA:53,41,1,0
FN:65,System.Void AuctionManager::Start()
FNDA:0,System.Void AuctionManager::Start()
DA:66,0
DA:67,0
DA:68,0
DA:69,0
DA:70,0
DA:72,0
DA:73,0
DA:74,0
DA:75,0
DA:76,0
DA:77,0
DA:78,0
DA:79,0
DA:80,0
DA:82,0
DA:83,0
DA:84,0
DA:87,0
DA:88,0
DA:89,0
DA:91,0
DA:92,0
DA:93,0
DA:94,0
DA:96,0
BRDA:67,11,0,0
BRDA:67,11,1,0
BRDA:78,82,0,0
BRDA:78,82,1,0
FN:98,System.Void AuctionManager::Stop()
FNDA:0,System.Void AuctionManager::Stop()
DA:99,0
DA:100,0
DA:101,0
DA:102,0
DA:105,0
DA:106,0
DA:107,0
DA:108,0
DA:109,0
DA:110,0
BRDA:100,11,0,0
BRDA:100,11,1,0
FN:14,System.Void AuctionManager::.ctor()
FNDA:0,System.Void AuctionManager::.ctor()
DA:15,0
DA:17,0
DA:31,0
DA:32,0
DA:33,0
DA:34,0
FN:2,System.Void AuctionManager::.cctor()
FNDA:0,System.Void AuctionManager::.cctor()
DA:3,0
DA:4,0
DA:6,0
DA:10,0
DA:12,0
LF:78
LH:0
BRF:14
BRH:0
FNF:7
FNH:0
end_of_record
SF:c:\Dev\c#\WaitingRoom\WaitingRoom\InvalidTokenException.cs
FN:3,System.Void InvalidTokenException::.ctor(System.String)
FNDA:0,System.Void InvalidTokenException::.ctor(System.String)
DA:4,0
DA:5,0
DA:6,0
LF:3
LH:0
BRF:0
BRH:0
FNF:1
FNH:0
end_of_record
SF:c:\Dev\c#\WaitingRoom\WaitingRoom\Program.cs
FN:3,System.Void Program::<Main>$(System.String[])
FNDA:0,System.Void Program::<Main>$(System.String[])
DA:4,0
DA:5,0
DA:7,0
DA:8,0
DA:10,0
DA:11,0
DA:12,0
DA:13,0
DA:14,0
DA:15,0
DA:16,0
DA:17,0
DA:18,0
DA:19,0
DA:20,0
DA:21,0
DA:22,0
DA:23,0
DA:24,0
DA:25,0
DA:26,0
DA:27,0
DA:28,0
DA:29,0
DA:32,0
DA:33,0
DA:34,0
DA:35,0
DA:36,0
DA:37,0
DA:38,0
DA:39,0
DA:40,0
DA:41,0
DA:42,0
DA:43,0
DA:44,0
DA:45,0
DA:46,0
DA:47,0
DA:48,0
DA:50,0
DA:51,0
BRDA:12,12,0,0
BRDA:12,12,1,0
BRDA:36,13,0,0
BRDA:36,13,1,0
LF:43
LH:0
BRF:4
BRH:0
FNF:1
FNH:0
end_of_record
SF:c:\Dev\c#\WaitingRoom\WaitingRoom\Wait.cs
FN:6,System.String Wait::get_QueueToken()
FNDA:0,System.String Wait::get_QueueToken()
DA:7,0
FN:8,System.Int32 Wait::get_EstimatedWaitSeconds()
FNDA:0,System.Int32 Wait::get_EstimatedWaitSeconds()
DA:9,0
LF:2
LH:0
BRF:0
BRH:0
FNF:2
FNH:0
end_of_record
SF:c:\Dev\c#\WaitingRoom\WaitingRoom\WaitToken.cs
FN:29,System.String WaitToken::get__payload()
FNDA:0,System.String WaitToken::get__payload()
DA:30,0
DA:31,0
DA:32,0
FN:35,System.Byte[] WaitToken::Sign(System.String)
FNDA:0,System.Byte[] WaitToken::Sign(System.String)
DA:36,0
DA:37,0
DA:38,0
DA:39,0
DA:41,0
FN:44,System.String WaitToken::ToString()
FNDA:0,System.String WaitToken::ToString()
DA:45,0
DA:46,0
DA:47,0
DA:48,0
FN:50,WaitToken WaitToken::Parse(System.String)
FNDA:0,WaitToken WaitToken::Parse(System.String)
DA:51,0
DA:52,0
DA:53,0
DA:54,0
DA:55,0
DA:57,0
DA:58,0
DA:59,0
DA:60,0
DA:61,0
DA:64,0
DA:65,0
DA:66,0
DA:67,0
DA:68,0
DA:69,0
DA:71,0
DA:73,0
DA:74,0
DA:75,0
DA:78,0
BRDA:53,26,0,0
BRDA:53,26,1,0
BRDA:59,85,0,0
BRDA:59,85,1,0
BRDA:67,136,0,0
BRDA:67,136,1,0
FN:14,System.Void WaitToken::.ctor(System.Int64)
FNDA:0,System.Void WaitToken::.ctor(System.Int64)
DA:15,0
DA:16,0
DA:17,0
DA:18,0
DA:19,0
FN:20,System.Void WaitToken::.ctor(System.Int64,System.DateTimeOffset)
FNDA:0,System.Void WaitToken::.ctor(System.Int64,System.DateTimeOffset)
DA:21,0
DA:22,0
DA:23,0
DA:24,0
DA:25,0
FN:7,System.Void WaitToken::.cctor()
FNDA:0,System.Void WaitToken::.cctor()
DA:8,0
DA:10,0
LF:45
LH:0
BRF:6
BRH:0
FNF:7
FNH:0
end_of_record