SF:c:\Dev\c#\WaitingRoom\WaitingRoom\Access.cs
FN:6,System.String Access::get_AccessToken()
FNDA:0,System.String Access::get_AccessToken()
DA:7,0
FN:9,System.String Access::get_BackendUri()
FNDA:0,System.String Access::get_BackendUri()
DA:10,0
LF:2
LH:0
BRF:0
BRH:0
FNF:2
FNH:0
end_of_record
SF:c:\Dev\c#\WaitingRoom\WaitingRoom\Auction.cs
FN:23,System.Void Auction::Open()
FNDA:4,System.Void Auction::Open()
DA:24,4
DA:25,4
DA:26,2
DA:27,2
DA:30,2
DA:32,2
BRDA:25,12,0,2
BRDA:25,12,1,2
FN:39,System.Void Auction::Close()
FNDA:4,System.Void Auction::Close()
DA:40,4
DA:41,4
DA:42,2
DA:43,2
DA:46,2
DA:48,2
BRDA:41,15,0,2
BRDA:41,15,1,2
FN:52,System.Boolean Auction::addToQueue(System.Int32)
FNDA:5,System.Boolean Auction::addToQueue(System.Int32)
DA:53,5
DA:55,5
DA:56,5
DA:58,5
DA:59,5
DA:60,0
DA:62,0
DA:65,5
DA:67,5
DA:68,5
DA:69,3
DA:71,3
DA:72,3
DA:74,2
DA:75,1
DA:77,1
DA:78,1
DA:79,1
DA:82,1
DA:83,1
DA:86,0
DA:87,0
DA:89,0
DA:91,5
DA:92,5
DA:93,5
DA:95,0
DA:96,0
DA:97,0
DA:98,0
DA:101,5
DA:102,5
DA:103,5
DA:105,0
DA:106,0
DA:107,0
DA:109,0
DA:111,0
DA:112,5
BRDA:59,32,0,5
BRDA:59,32,1,0
BRDA:59,61,0,0
BRDA:59,61,1,5
BRDA:68,110,0,3
BRDA:68,110,1,2
BRDA:74,145,0,1
BRDA:74,145,1,1
BRDA:74,176,0,1
BRDA:74,176,1,1
FN:120,System.Boolean Auction::Enter(System.Int32)
FNDA:7,System.Boolean Auction::Enter(System.Int32)
DA:121,7
DA:122,7
DA:123,2
DA:124,2
DA:127,5
DA:129,6
DA:131,16
DA:132,16
DA:133,16
DA:134,16
DA:136,16
DA:137,0
DA:138,0
DA:142,16
DA:143,16
DA:145,16
DA:146,16
DA:147,1
DA:148,1
DA:150,15
DA:152,16
DA:153,16
DA:154,16
DA:156,15
DA:157,0
DA:158,0
DA:160,0
DA:165,15
DA:166,3
DA:168,3
DA:172,12
DA:174,5
BRDA:122,15,0,2
BRDA:122,15,1,5
BRDA:129,43,0,1
BRDA:136,93,0,0
BRDA:136,93,1,16
BRDA:146,138,0,1
BRDA:146,138,1,15
BRDA:165,184,0,3
BRDA:165,184,1,12
BRDA:129,43,1,16
FN:2,System.Void Auction::.ctor(System.Int32)
FNDA:2,System.Void Auction::.ctor(System.Int32)
DA:3,2
DA:4,2
DA:6,2
DA:11,2
DA:12,2
DA:14,2
DA:15,2
DA:16,2
DA:17,2
FN:189,System.Void InvalidStateException::.ctor(System.String)
FNDA:6,System.Void InvalidStateException::.ctor(System.String)
DA:190,6
DA:191,6
DA:192,6
LF:95
LH:76
BRF:24
BRH:21
FNF:6
FNH:6
end_of_record
SF:c:\Dev\c#\WaitingRoom\WaitingRoom\AuctionManager.cs
FN:9,AuctionManager AuctionManager::get_Instance()
FNDA:0,AuctionManager AuctionManager::get_Instance()
DA:10,0
DA:11,0
DA:12,0
DA:13,0
DA:14,0
DA:15,0
DA:16,0
DA:17,0
DA:19,0
BRDA:13,29,0,0
BRDA:13,29,1,0
FN:4,System.Void AuctionManager::.ctor()
FNDA:0,System.Void AuctionManager::.ctor()
DA:5,0
FN:2,System.Void AuctionManager::.cctor()
FNDA:0,System.Void AuctionManager::.cctor()
DA:3,0
DA:4,0
LF:12
LH:0
BRF:2
BRH:0
FNF:3
FNH:0
end_of_record
SF:c:\Dev\c#\WaitingRoom\WaitingRoom\Program.cs
FN:0,System.Void Program::<Main>$(System.String[])
FNDA:0,System.Void Program::<Main>$(System.String[])
DA:1,0
DA:2,0
DA:4,0
DA:6,0
LF:4
LH:0
BRF:0
BRH:0
FNF:1
FNH:0
end_of_record
SF:c:\Dev\c#\WaitingRoom\WaitingRoom\Wait.cs
FN:6,System.String Wait::get_QueueToken()
FNDA:0,System.String Wait::get_QueueToken()
DA:7,0
FN:8,System.Int32 Wait::get_EstimatedWaitSeconds()
FNDA:0,System.Int32 Wait::get_EstimatedWaitSeconds()
DA:9,0
LF:2
LH:0
BRF:0
BRH:0
FNF:2
FNH:0
end_of_record
SF:c:\Dev\c#\WaitingRoom\WaitingRoom\WaitToken.cs
FN:29,System.String WaitToken::get__payload()
FNDA:6,System.String WaitToken::get__payload()
DA:30,6
DA:31,6
DA:32,6
FN:35,System.Byte[] WaitToken::Sign(System.String)
FNDA:4,System.Byte[] WaitToken::Sign(System.String)
DA:36,4
DA:37,4
DA:38,4
DA:39,4
DA:41,4
FN:44,System.String WaitToken::ToString()
FNDA:2,System.String WaitToken::ToString()
DA:45,2
DA:46,2
DA:47,2
DA:48,2
FN:50,WaitToken WaitToken::Parse(System.String)
FNDA:3,WaitToken WaitToken::Parse(System.String)
DA:51,3
DA:52,3
DA:53,3
DA:54,1
DA:55,1
DA:57,2
DA:58,2
DA:59,2
DA:60,0
DA:61,0
DA:64,2
DA:65,2
DA:66,2
DA:67,2
DA:68,1
DA:69,1
DA:71,1
DA:73,0
DA:74,0
DA:75,0
DA:78,1
BRDA:53,26,0,1
BRDA:53,26,1,2
BRDA:59,85,0,0
BRDA:59,85,1,2
BRDA:67,136,0,1
BRDA:67,136,1,1
FN:14,System.Void WaitToken::.ctor(System.Int64)
FNDA:1,System.Void WaitToken::.ctor(System.Int64)
DA:15,1
DA:16,1
DA:17,1
DA:18,1
DA:19,1
FN:20,System.Void WaitToken::.ctor(System.Int64,System.DateTimeOffset)
FNDA:2,System.Void WaitToken::.ctor(System.Int64,System.DateTimeOffset)
DA:21,2
DA:22,2
DA:23,2
DA:24,2
DA:25,2
FN:7,System.Void WaitToken::.cctor()
FNDA:1,System.Void WaitToken::.cctor()
DA:8,1
DA:10,1
FN:83,System.Void InvalidTokenException::.ctor(System.String)
FNDA:2,System.Void InvalidTokenException::.ctor(System.String)
DA:84,2
DA:85,2
DA:86,2
LF:48
LH:43
BRF:6
BRH:5
FNF:8
FNH:8
end_of_record